<?xml version="1.0" encoding="UTF-8"?>
<!-- Generated by org.testng.reporters.JUnitXMLReporter -->
<testsuite ignored="0" hostname="hp" failures="0" tests="4" name="Default test" time="45.8" errors="0" timestamp="2023-05-09T14:59:59 IST">
  <testcase classname="TestNG.Test_DataProvider" name="test" time="24.576"/>
  <testcase classname="TestNG.Test_DataProvider" name="test" time="6.748"/>
  <testcase classname="TestNG.Test_DataProvider" name="test" time="6.85"/>
  <testcase classname="TestNG.Test_DataProvider" name="test" time="6.815"/>
</testsuite> <!-- Default test -->
