<?xml version="1.0" encoding="UTF-8"?>
<!-- Generated by org.testng.reporters.JUnitXMLReporter -->
<testsuite ignored="0" hostname="hp" failures="0" tests="12" name="Test" time="0.092" errors="0" timestamp="2023-04-12T16:34:30 IST">
  <testcase classname="TestNG.Annotations_1" name="add" time="0.006"/>
  <testcase classname="TestNG.Annotations_1" name="add1" time="0.001"/>
  <testcase classname="TestNG.Annotations_1" name="add2" time="0.001"/>
  <testcase classname="TestNG.Annotations_1" name="multiplication3" time="0.001"/>
  <testcase classname="TestNG.Annotations_1" name="subtraction" time="0.002"/>
  <testcase classname="TestNG.Annotations_1" name="test1" time="0.002"/>
  <testcase classname="TestNG.Annotations_1" name="test2" time="0.002"/>
  <testcase classname="TestNG.Annotations" name="addition" time="0.0"/>
  <testcase classname="TestNG.Annotations" name="division" time="0.002"/>
  <testcase classname="TestNG.Annotations" name="percentage" time="0.001"/>
  <testcase classname="TestNG.Annotations" name="reminder" time="0.001"/>
  <testcase classname="TestNG.Annotations" name="xyz" time="0.001"/>
</testsuite> <!-- Test -->
