<?xml version="1.0" encoding="UTF-8"?>
<testng-results ignored="0" total="4" passed="4" failed="0" skipped="0">
  <reporter-output>
  </reporter-output>
  <suite started-at="2023-05-09T14:59:13 IST" name="Default suite" finished-at="2023-05-09T14:59:59 IST" duration-ms="45800">
    <groups>
    </groups>
    <test started-at="2023-05-09T14:59:13 IST" name="Default test" finished-at="2023-05-09T14:59:59 IST" duration-ms="45800">
      <class name="TestNG.Test_DataProvider">
        <test-method signature="test(java.lang.String,java.lang.String)[pri:0, instance:TestNG.Test_DataProvider@1e800aaa]" started-at="2023-05-09T14:59:14 IST" name="test" data-provider="container" finished-at="2023-05-09T14:59:39 IST" duration-ms="24576" status="PASS">
          <params>
            <param index="0">
              <value>
                <![CDATA[puja456]]>
              </value>
            </param>
            <param index="1">
              <value>
                <![CDATA[kshkjasgdku8]]>
              </value>
            </param>
          </params>
          <reporter-output>
          </reporter-output>
        </test-method> <!-- test -->
        <test-method signature="test(java.lang.String,java.lang.String)[pri:0, instance:TestNG.Test_DataProvider@1e800aaa]" started-at="2023-05-09T14:59:39 IST" name="test" data-provider="container" finished-at="2023-05-09T14:59:45 IST" duration-ms="6748" status="PASS">
          <params>
            <param index="0">
              <value>
                <![CDATA[aman858]]>
              </value>
            </param>
            <param index="1">
              <value>
                <![CDATA[ohisbhc78]]>
              </value>
            </param>
          </params>
          <reporter-output>
          </reporter-output>
        </test-method> <!-- test -->
        <test-method signature="test(java.lang.String,java.lang.String)[pri:0, instance:TestNG.Test_DataProvider@1e800aaa]" started-at="2023-05-09T14:59:45 IST" name="test" data-provider="container" finished-at="2023-05-09T14:59:52 IST" duration-ms="6850" status="PASS">
          <params>
            <param index="0">
              <value>
                <![CDATA[happy6969]]>
              </value>
            </param>
            <param index="1">
              <value>
                <![CDATA[ihJSBHDVS^]]>
              </value>
            </param>
          </params>
          <reporter-output>
          </reporter-output>
        </test-method> <!-- test -->
        <test-method signature="test(java.lang.String,java.lang.String)[pri:0, instance:TestNG.Test_DataProvider@1e800aaa]" started-at="2023-05-09T14:59:52 IST" name="test" data-provider="container" finished-at="2023-05-09T14:59:59 IST" duration-ms="6815" status="PASS">
          <params>
            <param index="0">
              <value>
                <![CDATA[karan741]]>
              </value>
            </param>
            <param index="1">
              <value>
                <![CDATA[xdsrl;;ko]]>
              </value>
            </param>
          </params>
          <reporter-output>
          </reporter-output>
        </test-method> <!-- test -->
      </class> <!-- TestNG.Test_DataProvider -->
    </test> <!-- Default test -->
  </suite> <!-- Default suite -->
</testng-results>
